2022-03-13T15:34:30.424Z info: 	Socket connected...
2022-03-13T15:37:38.965Z info: 	Socket connected...
2022-03-13T15:47:31.959Z info: 	Socket connected...
2022-03-13T15:48:09.956Z info: 	Socket connected...
2022-03-13T15:48:12.947Z info: 	Socket connected...
2022-03-13T15:49:31.958Z info: 	Socket connected...
2022-03-13T15:49:34.952Z info: 	Socket connected...
2022-03-13T15:50:45.953Z info: 	Socket connected...
2022-03-13T15:51:16.962Z info: 	Socket connected...
2022-03-13T15:51:26.959Z info: 	Socket connected...
2022-03-13T15:56:02.513Z info: 	Socket connected...
2022-03-13T15:56:06.110Z info: 	connected : 1
2022-03-13T15:59:19.955Z info: 	Socket connected...
2022-03-13T16:00:07.960Z info: 	Socket connected...
2022-03-13T16:00:17.956Z info: 	Socket connected...
2022-03-13T16:04:50.943Z info: 	Socket connected...
2022-03-13T16:05:52.956Z info: 	Socket connected...
2022-03-13T16:09:23.454Z info: 	Socket connected...
2022-03-13T16:09:46.504Z info: 	Socket connected...
2022-03-13T16:20:23.945Z info: 	Socket connected...
2022-03-13T16:20:23.945Z info: 	Socket connected...
2022-03-13T17:50:15.871Z info: 	Socket connected...
2022-03-13T17:52:50.913Z info: 	Socket connected...
2022-03-13T17:52:53.586Z info: 	Socket connected...
2022-03-13T17:52:56.533Z info: 	connected : 1
2022-03-13T17:55:28.684Z info: 	Socket connected...
2022-03-13T17:55:50.702Z info: 	Socket connected...
2022-03-13T17:55:54.978Z info: 	connected : undefined
2022-03-13T17:55:58.034Z info: 	disconnected : Rico
2022-03-13T17:55:58.180Z info: 	Socket connected...
2022-03-13T17:55:59.888Z info: 	connected : undefined
2022-03-13T17:56:07.140Z info: 	Socket connected...
2022-03-13T17:56:21.837Z info: 	Socket connected...
2022-03-13T17:56:40.655Z info: 	connected : Rico
2022-03-13T17:56:42.263Z info: 	disconnected : Rico
2022-03-13T17:56:42.405Z info: 	Socket connected...
2022-03-13T17:56:44.974Z info: 	connected : Rico
2022-03-13T17:57:21.346Z info: 	Socket connected...
2022-03-13T17:57:22.315Z info: 	Socket connected...
2022-03-13T17:57:24.236Z info: 	connected : Rico
2022-03-13T17:59:07.990Z info: 	disconnected : Rico
2022-03-13T17:59:08.105Z info: 	Socket connected...
2022-03-13T17:59:09.928Z info: 	connected : Rico
2022-03-13T17:59:50.345Z info: 	Socket connected...
2022-03-13T17:59:51.431Z info: 	Socket connected...
2022-03-13T17:59:53.246Z info: 	connected : Rico
2022-03-13T18:02:14.911Z info: 	disconnected : Rico
2022-03-13T18:02:15.056Z info: 	Socket connected...
2022-03-13T18:02:16.826Z info: 	connected : Rico
2022-03-13T18:03:07.883Z info: 	[2]Rico : test
2022-03-13T18:03:10.501Z info: 	[1]Rico : test
2022-03-13T18:03:16.622Z info: 	Rico : Created room id:60, name:merise, image:aze, private:1
2022-03-13T18:03:19.207Z info: 	[60]Rico : azearzaee
2022-03-13T18:03:21.050Z info: 	[60]Rico : qsdqasd
2022-03-13T18:03:23.790Z info: 	[1]Rico : faz
2022-03-13T18:03:28.004Z info: 	[1]Rico : aze
2022-03-13T18:03:30.074Z info: 	[2]Rico : fqs
2022-03-13T18:03:48.055Z info: 	Socket connected...
2022-03-13T18:11:44.337Z info: 	Socket connected...
2022-03-13T18:12:02.103Z info: 	Socket connected...
2022-03-13T18:24:24.428Z info: 	Socket connected...
2022-03-13T18:24:59.203Z info: 	Socket connected...
2022-03-13T18:26:03.900Z info: 	Socket connected...
2022-03-13T18:26:43.389Z info: 	Socket connected...
2022-03-13T18:27:34.555Z info: 	Socket connected...
2022-03-13T18:27:54.720Z info: 	Socket connected...
2022-03-13T18:30:21.840Z info: 	Socket connected...
2022-03-14T12:36:15.598Z info: 	Socket connected...
2022-03-14T12:36:20.437Z info: 	connected : Rico
2022-03-14T12:40:44.559Z info: 	disconnected : Rico
2022-03-14T12:40:44.768Z info: 	Socket connected...
2022-03-14T12:40:50.785Z info: 	connected : Rico
2022-03-14T12:41:52.750Z info: 	Socket connected...
2022-03-14T12:41:56.460Z info: 	connected : Rico
2022-03-14T12:43:42.345Z info: 	Socket connected...
2022-03-14T12:43:47.138Z info: 	connected : Rico
2022-03-14T12:44:07.918Z info: 	Socket connected...
2022-03-14T12:44:11.740Z info: 	connected : Rico
2022-03-14T12:44:33.839Z info: 	Socket connected...
2022-03-14T12:44:35.653Z info: 	connected : Rico
2022-03-14T12:44:57.693Z info: 	Socket connected...
2022-03-14T12:45:01.524Z info: 	Socket connected...
2022-03-14T12:45:02.895Z info: 	connected : Rico
2022-03-14T12:45:07.201Z info: 	[2]Rico : test
2022-03-14T12:45:08.685Z info: 	[2]Rico : aze
2022-03-14T12:45:16.275Z info: 	Rico : Created room id:60, name:test, image:osef, private:1
2022-03-14T12:45:22.584Z info: 	[60]Rico : taze
2022-03-14T12:47:15.154Z info: 	disconnected : Rico
2022-03-14T12:47:15.344Z info: 	Socket connected...
2022-03-14T12:47:16.987Z info: 	connected : Rico
2022-03-14T12:47:49.913Z info: 	Socket connected...
2022-03-14T12:49:33.431Z info: 	Socket connected...
2022-03-14T12:50:14.476Z info: 	Socket connected...
2022-03-14T12:50:41.896Z info: 	Socket connected...
2022-03-14T12:50:43.592Z info: 	Socket connected...
2022-03-14T12:50:49.628Z info: 	Socket connected...
2022-03-14T12:52:07.508Z info: 	Socket connected...
2022-03-14T12:52:17.435Z info: 	Socket connected...
2022-03-14T12:52:27.884Z info: 	Socket connected...
2022-03-14T12:52:29.619Z info: 	Socket connected...
2022-03-14T12:52:31.750Z info: 	connected : Rico
2022-03-14T12:52:46.940Z info: 	disconnected : Rico
2022-03-14T12:52:47.109Z info: 	Socket connected...
2022-03-14T12:52:50.599Z info: 	connected : Rico
2022-03-14T12:53:35.212Z info: 	Socket connected...
2022-03-14T12:53:38.229Z info: 	Socket connected...
2022-03-14T12:53:41.681Z info: 	connected : Rico
2022-03-14T12:53:58.164Z info: 	Socket connected...
2022-03-14T12:54:14.543Z info: 	Socket connected...
2022-03-14T12:54:17.750Z info: 	Socket connected...
2022-03-14T12:54:20.649Z info: 	connected : Rico
2022-03-14T12:54:55.400Z info: 	Socket connected...
2022-03-14T12:54:58.628Z info: 	Socket connected...
2022-03-14T12:55:00.277Z info: 	connected : Rico
2022-03-14T12:55:19.626Z info: 	Socket connected...
2022-03-14T12:55:32.215Z info: 	Socket connected...
2022-03-14T12:55:35.263Z info: 	Socket connected...
2022-03-14T12:55:39.502Z info: 	connected : Rico
2022-03-14T12:55:48.787Z info: 	disconnected : Rico
2022-03-14T12:55:48.910Z info: 	Socket connected...
2022-03-14T12:55:53.234Z info: 	connected : Rico
2022-03-14T12:56:19.062Z info: 	Socket connected...
2022-03-14T12:56:20.906Z info: 	Socket connected...
2022-03-14T12:56:22.595Z info: 	connected : Rico
2022-03-14T12:57:56.957Z info: 	Socket connected...
2022-03-14T12:57:59.835Z info: 	Socket connected...
2022-03-14T12:58:02.217Z info: 	connected : Rico
2022-03-14T12:58:16.250Z info: 	Socket connected...
2022-03-14T12:58:20.647Z info: 	Socket connected...
2022-03-14T12:58:30.311Z info: 	Socket connected...
2022-03-14T12:58:32.444Z info: 	Socket connected...
2022-03-14T12:58:34.239Z info: 	connected : Rico
2022-03-14T12:58:55.363Z info: 	Socket connected...
2022-03-14T12:58:58.454Z info: 	Socket connected...
2022-03-14T12:59:00.186Z info: 	Socket connected...
2022-03-14T12:59:01.378Z info: 	Socket connected...
2022-03-14T12:59:03.894Z info: 	connected : Rico
2022-03-14T12:59:22.899Z info: 	Socket connected...
2022-03-14T12:59:24.926Z info: 	Socket connected...
2022-03-14T12:59:26.502Z info: 	connected : Rico
2022-03-14T13:01:09.731Z info: 	Socket connected...
2022-03-14T13:01:13.567Z info: 	Socket connected...
2022-03-14T13:01:15.068Z info: 	connected : Rico
2022-03-14T13:01:49.964Z info: 	Socket connected...
2022-03-14T13:01:51.976Z info: 	Socket connected...
2022-03-14T13:01:53.638Z info: 	connected : Rico
