2022-03-24T06:57:27.108Z info: 	Socket connected...
2022-03-24T06:57:29.114Z info: 	connected : Rico
2022-03-24T07:00:16.396Z info: 	Socket connected...
2022-03-24T07:00:18.039Z info: 	Socket connected...
2022-03-24T07:00:19.570Z info: 	connected : Rico
2022-03-24T07:00:33.336Z info: 	Socket connected...
2022-03-24T07:00:38.458Z info: 	connected : Artur
2022-03-24T07:00:42.619Z info: 	"action":"send message", "room_id":2, "user_id":3, "message_id":97
2022-03-24T07:00:45.176Z info: 	"action":"create mp room", "room_id":77, "user_id":1
2022-03-24T07:05:52.017Z info: 	Socket connected...
2022-03-24T07:05:52.092Z info: 	Socket connected...
2022-03-24T07:06:39.076Z info: 	Socket connected...
2022-03-24T07:06:39.215Z info: 	Socket connected...
2022-03-24T07:06:41.871Z info: 	Socket connected...
2022-03-24T07:06:42.536Z info: 	Socket connected...
2022-03-24T07:06:44.817Z info: 	Socket connected...
2022-03-24T07:06:46.430Z info: 	connected : Rico
2022-03-24T07:06:56.942Z info: 	Socket connected...
2022-03-24T07:07:00.777Z info: 	connected : Artur
2022-03-24T07:07:13.960Z info: 	"action":"send message", "room_id":2, "user_id":1, "message_id":98
2022-03-24T07:09:15.140Z info: 	Socket connected...
2022-03-24T07:09:15.348Z info: 	Socket connected...
2022-03-24T07:12:27.097Z info: 	Socket connected...
2022-03-24T07:12:27.302Z info: 	Socket connected...
2022-03-24T07:12:36.276Z info: 	Socket connected...
2022-03-24T07:12:43.161Z info: 	connected : Artur
2022-03-24T07:12:45.621Z info: 	Socket connected...
2022-03-24T07:12:47.546Z info: 	connected : Rico
2022-03-24T07:12:50.866Z info: 	"action":"send message", "room_id":2, "user_id":1, "message_id":99
2022-03-24T07:12:57.343Z info: 	"action":"send message", "room_id":2, "user_id":3, "message_id":100
2022-03-24T07:13:00.853Z info: 	"action":"create mp room", "room_id":78, "user_id":1
2022-03-24T07:13:10.916Z info: 	"action":"create mp room", "room_id":79, "user_id":3
2022-03-24T07:14:23.226Z info: 	Socket connected...
2022-03-24T07:14:23.228Z info: 	Socket connected...
2022-03-24T07:15:11.588Z info: 	Socket connected...
2022-03-24T07:15:11.590Z info: 	Socket connected...
2022-03-24T07:15:14.099Z info: 	Socket connected...
2022-03-24T07:15:15.766Z info: 	Socket connected...
2022-03-24T07:15:17.622Z info: 	connected : Artur
2022-03-24T07:15:21.031Z info: 	connected : Rico
2022-03-24T07:15:24.546Z info: 	"action":"send message", "room_id":2, "user_id":3, "message_id":101
2022-03-24T07:17:07.232Z info: 	Socket connected...
2022-03-24T07:17:07.520Z info: 	Socket connected...
2022-03-24T07:17:33.380Z info: 	Socket connected...
2022-03-24T07:17:34.637Z info: 	connected : Rico
2022-03-24T07:17:37.806Z info: 	Socket connected...
2022-03-24T07:17:39.327Z info: 	connected : Artur
2022-03-24T07:17:41.545Z info: 	"action":"send message", "room_id":2, "user_id":3, "message_id":102
2022-03-24T07:17:54.601Z info: 	Socket connected...
2022-03-24T07:17:55.109Z info: 	Socket connected...
2022-03-24T07:18:00.289Z info: 	Socket connected...
2022-03-24T07:18:01.694Z info: 	connected : Rico
2022-03-24T07:18:03.106Z info: 	Socket connected...
2022-03-24T07:18:05.621Z info: 	connected : Artur
2022-03-24T07:18:08.405Z info: 	"action":"send message", "room_id":2, "user_id":3, "message_id":103
2022-03-24T07:18:10.205Z info: 	"action":"create mp room", "room_id":80, "user_id":1
2022-03-24T07:19:38.571Z info: 	Socket connected...
2022-03-24T07:19:38.701Z info: 	Socket connected...
2022-03-24T07:20:37.675Z info: 	Socket connected...
2022-03-24T07:20:37.721Z info: 	Socket connected...
2022-03-24T07:20:40.392Z info: 	Socket connected...
2022-03-24T07:20:42.610Z info: 	connected : Artur
2022-03-24T07:20:45.520Z info: 	Socket connected...
2022-03-24T07:20:46.324Z info: 	connected : Rico
2022-03-24T07:20:51.925Z info: 	"action":"send message", "room_id":2, "user_id":3, "message_id":104
2022-03-24T07:20:53.634Z info: 	"action":"create mp room", "room_id":81, "user_id":1
2022-03-24T07:21:47.297Z info: 	Socket connected...
2022-03-24T07:21:47.806Z info: 	Socket connected...
2022-03-24T07:33:14.162Z info: 	Socket connected...
2022-03-24T07:33:14.492Z info: 	Socket connected...
2022-03-24T07:33:45.259Z info: 	Socket connected...
2022-03-24T07:33:45.283Z info: 	Socket connected...
2022-03-24T07:34:02.209Z info: 	Socket connected...
2022-03-24T07:34:02.217Z info: 	Socket connected...
2022-03-24T07:35:40.159Z info: 	Socket connected...
2022-03-24T07:35:40.844Z info: 	Socket connected...
2022-03-24T07:36:15.697Z info: 	Socket connected...
2022-03-24T07:36:16.169Z info: 	Socket connected...
2022-03-24T07:36:55.439Z info: 	Socket connected...
2022-03-24T07:36:55.618Z info: 	Socket connected...
2022-03-24T07:39:38.774Z info: 	Socket connected...
2022-03-24T07:39:38.777Z info: 	Socket connected...
2022-03-24T07:39:46.685Z info: 	Socket connected...
2022-03-24T07:39:47.002Z info: 	Socket connected...
2022-03-24T07:45:38.867Z info: 	Socket connected...
2022-03-24T07:45:38.970Z info: 	Socket connected...
2022-03-24T07:46:38.780Z info: 	Socket connected...
2022-03-24T07:46:39.358Z info: 	Socket connected...
2022-03-24T07:49:05.095Z info: 	Socket connected...
2022-03-24T07:49:05.596Z info: 	Socket connected...
2022-03-24T07:49:44.589Z info: 	Socket connected...
2022-03-24T07:49:44.701Z info: 	Socket connected...
2022-03-24T07:49:50.791Z info: 	Socket connected...
2022-03-24T07:49:50.887Z info: 	Socket connected...
2022-03-24T07:51:03.656Z info: 	Socket connected...
2022-03-24T07:51:03.848Z info: 	Socket connected...
2022-03-24T07:51:53.529Z info: 	Socket connected...
2022-03-24T07:51:53.739Z info: 	Socket connected...
2022-03-24T07:53:29.311Z info: 	Socket connected...
2022-03-24T07:53:29.397Z info: 	Socket connected...
2022-03-24T07:54:30.627Z info: 	Socket connected...
2022-03-24T07:54:30.844Z info: 	Socket connected...
2022-03-24T07:54:32.764Z info: 	Socket connected...
2022-03-24T07:54:33.461Z info: 	Socket connected...
2022-03-24T07:55:38.127Z info: 	Socket connected...
2022-03-24T07:55:38.320Z info: 	Socket connected...
2022-03-24T07:55:39.924Z info: 	Socket connected...
2022-03-24T07:55:41.494Z info: 	connected : Rico
2022-03-24T07:56:15.680Z info: 	Socket connected...
2022-03-24T07:56:16.319Z info: 	Socket connected...
2022-03-24T07:56:26.955Z info: 	Socket connected...
2022-03-24T07:56:28.491Z info: 	connected : Rico
2022-03-24T07:57:03.169Z info: 	Socket connected...
2022-03-24T07:57:03.766Z info: 	Socket connected...
2022-03-24T07:57:04.230Z info: 	Socket connected...
2022-03-24T07:57:06.009Z info: 	connected : Rico
2022-03-24T07:57:51.287Z info: 	Socket connected...
2022-03-24T07:57:51.563Z info: 	Socket connected...
2022-03-24T07:58:16.513Z info: 	Socket connected...
2022-03-24T07:58:16.516Z info: 	Socket connected...
2022-03-24T07:58:27.688Z info: 	Socket connected...
2022-03-24T07:58:28.847Z info: 	connected : Rico
2022-03-24T07:58:54.880Z info: 	Socket connected...
2022-03-24T07:58:55.515Z info: 	Socket connected...
2022-03-24T07:58:55.967Z info: 	Socket connected...
2022-03-24T07:58:57.809Z info: 	connected : Rico
2022-03-24T07:59:20.546Z info: 	Socket connected...
2022-03-24T07:59:20.645Z info: 	Socket connected...
2022-03-24T07:59:24.734Z info: 	Socket connected...
2022-03-24T07:59:24.943Z info: 	Socket connected...
2022-03-24T07:59:25.511Z info: 	Socket connected...
2022-03-24T07:59:27.115Z info: 	connected : Rico
2022-03-24T07:59:33.513Z info: 	Socket connected...
2022-03-24T07:59:34.346Z info: 	Socket connected...
2022-03-24T07:59:36.817Z info: 	Socket connected...
2022-03-24T07:59:37.057Z info: 	Socket connected...
2022-03-24T07:59:37.524Z info: 	Socket connected...
2022-03-24T07:59:39.262Z info: 	connected : Rico
2022-03-24T08:00:19.651Z info: 	Socket connected...
2022-03-24T08:00:19.688Z info: 	Socket connected...
2022-03-24T08:00:25.645Z info: 	Socket connected...
2022-03-24T08:00:26.987Z info: 	connected : Rico
2022-03-24T08:00:45.056Z info: 	"action":"create mp room", "room_id":82, "user_id":1
2022-03-24T08:00:49.415Z info: 	Socket connected...
2022-03-24T08:00:51.933Z info: 	connected : Artur
2022-03-24T08:03:51.487Z info: 	disconnected : Artur
2022-03-24T08:03:51.642Z info: 	Socket connected...
2022-03-24T08:03:54.262Z info: 	connected : Artur
2022-03-24T08:03:56.410Z info: 	disconnected : Rico
2022-03-24T08:03:56.600Z info: 	Socket connected...
2022-03-24T08:03:58.202Z info: 	connected : Rico
2022-03-24T08:05:22.333Z info: 	Socket connected...
2022-03-24T08:05:22.499Z info: 	Socket connected...
2022-03-24T08:07:05.473Z info: 	Socket connected...
2022-03-24T08:07:05.646Z info: 	Socket connected...
2022-03-24T08:07:34.547Z info: 	Socket connected...
2022-03-24T08:07:34.954Z info: 	Socket connected...
2022-03-24T08:07:38.622Z info: 	Socket connected...
2022-03-24T08:07:40.633Z info: 	connected : Rico
2022-03-24T08:07:42.798Z info: 	Socket connected...
2022-03-24T08:07:45.162Z info: 	connected : Artur
2022-03-24T08:08:12.840Z info: 	Socket connected...
2022-03-24T08:08:12.965Z info: 	Socket connected...
2022-03-24T08:08:16.076Z info: 	Socket connected...
2022-03-24T08:08:17.818Z info: 	connected : Rico
2022-03-24T08:10:00.890Z info: 	Socket connected...
2022-03-24T08:10:01.100Z info: 	Socket connected...
2022-03-24T08:10:02.836Z info: 	Socket connected...
2022-03-24T08:10:04.373Z info: 	connected : Rico
2022-03-24T08:10:14.442Z info: 	Socket connected...
2022-03-24T08:10:16.546Z info: 	connected : Artur
2022-03-24T08:10:26.956Z info: 	"action":"send message", "room_id":2, "user_id":1, "message_id":105
2022-03-24T08:11:13.665Z info: 	Socket connected...
2022-03-24T08:11:14.040Z info: 	Socket connected...
2022-03-24T08:11:14.660Z info: 	Socket connected...
2022-03-24T08:11:16.416Z info: 	connected : Rico
2022-03-24T08:11:18.154Z info: 	Socket connected...
2022-03-24T08:11:19.917Z info: 	connected : Artur
2022-03-24T08:13:33.175Z info: 	Socket connected...
2022-03-24T08:13:33.443Z info: 	Socket connected...
2022-03-24T08:13:35.776Z info: 	Socket connected...
2022-03-24T08:13:37.550Z info: 	connected : Artur
2022-03-24T08:13:40.633Z info: 	Socket connected...
2022-03-24T08:13:42.250Z info: 	connected : Rico
2022-03-24T08:14:14.740Z info: 	Socket connected...
2022-03-24T08:14:15.120Z info: 	Socket connected...
2022-03-24T08:14:17.960Z info: 	Socket connected...
2022-03-24T08:14:19.614Z info: 	connected : Artur
2022-03-24T08:14:21.198Z info: 	Socket connected...
2022-03-24T08:14:22.669Z info: 	connected : Rico
2022-03-24T08:14:48.161Z info: 	Socket connected...
2022-03-24T08:14:48.465Z info: 	Socket connected...
2022-03-24T08:14:49.682Z info: 	Socket connected...
2022-03-24T08:14:51.246Z info: 	connected : Rico
2022-03-24T08:14:53.531Z info: 	Socket connected...
2022-03-24T08:14:55.056Z info: 	connected : Artur
2022-03-24T08:15:33.951Z info: 	Socket connected...
2022-03-24T08:15:34.233Z info: 	Socket connected...
2022-03-24T08:16:03.628Z info: 	Socket connected...
2022-03-24T08:16:04.383Z info: 	Socket connected...
2022-03-24T08:16:12.344Z info: 	Socket connected...
2022-03-24T08:16:14.031Z info: 	connected : Rico
2022-03-24T08:17:13.026Z info: 	Socket connected...
2022-03-24T08:17:13.437Z info: 	Socket connected...
2022-03-24T08:17:14.023Z info: 	Socket connected...
2022-03-24T08:17:15.657Z info: 	connected : Rico
2022-03-24T08:18:11.069Z info: 	Socket connected...
2022-03-24T08:18:11.573Z info: 	Socket connected...
2022-03-24T08:18:12.462Z info: 	Socket connected...
2022-03-24T08:18:14.191Z info: 	connected : Rico
2022-03-24T08:18:46.874Z info: 	Socket connected...
2022-03-24T08:18:47.354Z info: 	Socket connected...
2022-03-24T08:18:48.828Z info: 	connected : Rico
2022-03-24T08:19:22.733Z info: 	Socket connected...
2022-03-24T08:19:23.037Z info: 	Socket connected...
2022-03-24T08:19:27.372Z info: 	Socket connected...
2022-03-24T08:19:27.941Z info: 	Socket connected...
2022-03-24T08:19:35.061Z info: 	Socket connected...
2022-03-24T08:19:35.193Z info: 	Socket connected...
2022-03-24T08:19:41.695Z info: 	Socket connected...
2022-03-24T08:19:41.950Z info: 	Socket connected...
2022-03-24T08:19:43.564Z info: 	connected : Rico
2022-03-24T08:19:45.999Z info: 	Socket connected...
2022-03-24T08:19:47.657Z info: 	connected : Artur
2022-03-24T08:20:25.981Z info: 	Socket connected...
2022-03-24T08:20:26.811Z info: 	Socket connected...
2022-03-24T08:20:29.390Z info: 	Socket connected...
2022-03-24T08:20:30.802Z info: 	connected : Rico
2022-03-24T08:20:33.222Z info: 	Socket connected...
2022-03-24T08:20:34.803Z info: 	connected : Artur
2022-03-24T08:21:57.723Z info: 	Socket connected...
2022-03-24T08:21:58.124Z info: 	Socket connected...
2022-03-24T08:22:17.711Z info: 	Socket connected...
2022-03-24T08:22:17.714Z info: 	Socket connected...
2022-03-24T08:22:18.794Z info: 	Socket connected...
2022-03-24T08:22:20.437Z info: 	connected : Rico
2022-03-24T08:22:23.053Z info: 	Socket connected...
2022-03-24T08:22:24.271Z info: 	connected : Artur
2022-03-24T08:23:01.261Z info: 	Socket connected...
2022-03-24T08:23:01.275Z info: 	Socket connected...
2022-03-24T08:23:04.246Z info: 	Socket connected...
2022-03-24T08:23:05.673Z info: 	connected : Rico
2022-03-24T08:23:07.602Z info: 	Socket connected...
2022-03-24T08:23:12.942Z info: 	connected : Artur
2022-03-24T08:23:22.576Z info: 	Socket connected...
2022-03-24T08:23:22.661Z info: 	Socket connected...
2022-03-24T08:23:24.610Z info: 	Socket connected...
2022-03-24T08:23:26.240Z info: 	connected : Artur
2022-03-24T08:25:15.379Z info: 	Socket connected...
2022-03-24T08:25:15.461Z info: 	Socket connected...
2022-03-24T08:25:26.331Z info: 	Socket connected...
2022-03-24T08:25:26.334Z info: 	Socket connected...
2022-03-24T08:25:37.001Z info: 	Socket connected...
2022-03-24T08:25:39.546Z info: 	connected : Artur
2022-03-24T08:25:53.615Z info: 	Socket connected...
2022-03-24T08:25:54.024Z info: 	Socket connected...
2022-03-24T08:25:55.994Z info: 	Socket connected...
2022-03-24T08:25:57.910Z info: 	connected : Artur
2022-03-24T08:26:26.940Z info: 	Socket connected...
2022-03-24T08:26:27.238Z info: 	Socket connected...
2022-03-24T08:26:29.053Z info: 	Socket connected...
2022-03-24T08:26:30.858Z info: 	connected : Artur
2022-03-24T08:27:28.335Z info: 	Socket connected...
2022-03-24T08:27:28.803Z info: 	Socket connected...
2022-03-24T08:27:38.686Z info: 	Socket connected...
2022-03-24T08:27:38.723Z info: 	Socket connected...
2022-03-24T08:27:40.704Z info: 	Socket connected...
2022-03-24T08:27:42.536Z info: 	connected : Artur
2022-03-24T08:28:01.365Z info: 	Socket connected...
2022-03-24T08:28:01.589Z info: 	Socket connected...
2022-03-24T08:28:04.837Z info: 	Socket connected...
2022-03-24T08:28:05.345Z info: 	Socket connected...
2022-03-24T08:28:05.648Z info: 	Socket connected...
2022-03-24T08:28:10.331Z info: 	connected : Artur
2022-03-24T08:28:28.179Z info: 	Socket connected...
2022-03-24T08:28:28.799Z info: 	Socket connected...
2022-03-24T08:28:29.272Z info: 	Socket connected...
2022-03-24T08:28:31.702Z info: 	connected : Artur
2022-03-24T08:36:30.113Z info: 	Socket connected...
2022-03-24T08:36:30.416Z info: 	Socket connected...
2022-03-24T08:36:32.711Z info: 	Socket connected...
2022-03-24T08:36:34.588Z info: 	connected : Artur
2022-03-24T08:36:44.569Z info: 	Socket connected...
2022-03-24T08:36:45.151Z info: 	Socket connected...
